app/build/intermediates/manifest_merge_blame_file/debug/manifest-merger-blame-debug-report.txt
1<?xml version="1.0" encoding="utf-8"?>
2<manifest xmlns:android="http://schemas.android.com/apk/res/android"
3    package="com.angelgladin.photoexiftoolkit"
4    android:versionCode="1"
5    android:versionName="1.0.1" >
6
7    <uses-sdk
8        android:minSdkVersion="17"
8-->src\main\AndroidManifest.xml
9        android:targetSdkVersion="25" />
9-->src\main\AndroidManifest.xml
10
11    <uses-permission android:name="android.permission.READ_EXTERNAL_STORAGE" />
11-->src\main\AndroidManifest.xml:5:3-77
11-->src\main\AndroidManifest.xml:5:20-75
12    <uses-permission android:name="android.permission.WRITE_EXTERNAL_STORAGE" />
12-->src\main\AndroidManifest.xml:6:3-78
12-->src\main\AndroidManifest.xml:6:20-76
13    <uses-permission android:name="android.permission.INTERNET" />
13-->src\main\AndroidManifest.xml:8:3-64
13-->src\main\AndroidManifest.xml:8:20-62
14    <uses-permission android:name="android.permission.ACCESS_FINE_LOCATION" />
14-->src\main\AndroidManifest.xml:10:3-76
14-->src\main\AndroidManifest.xml:10:20-74
15
16    <meta-data
16-->[com.android.support:design:25.3.1] AndroidManifest.xml:25:5-27:34
17        android:name="android.support.VERSION"
17-->[com.android.support:design:25.3.1] AndroidManifest.xml:26:9-47
18        android:value="25.3.1" /> <!-- Include required permissions for Google Maps API to run. -->
18-->[com.android.support:design:25.3.1] AndroidManifest.xml:27:9-31
19    <uses-permission android:name="android.permission.ACCESS_NETWORK_STATE" />
19-->[com.google.android.gms:play-services-maps:10.2.1] AndroidManifest.xml:19:5-78
19-->[com.google.android.gms:play-services-maps:10.2.1] AndroidManifest.xml:19:22-76
20
21    <uses-feature
21-->[com.google.android.gms:play-services-maps:10.2.1] AndroidManifest.xml:21:5-77
22        android:glEsVersion="0x00020000"
22-->[com.google.android.gms:play-services-maps:10.2.1] AndroidManifest.xml:21:19-51
23        android:required="true" />
23-->[com.google.android.gms:play-services-maps:10.2.1] AndroidManifest.xml:21:52-75
24
25    <application
25-->src\main\AndroidManifest.xml:12:3-40:17
26        android:allowBackup="true"
26-->src\main\AndroidManifest.xml:13:7-33
27        android:debuggable="true"
28        android:icon="@mipmap/ic_launcher"
28-->src\main\AndroidManifest.xml:14:7-41
29        android:label="@string/app_name"
29-->src\main\AndroidManifest.xml:15:7-39
30        android:supportsRtl="true"
30-->src\main\AndroidManifest.xml:16:7-33
31        android:testOnly="true"
32        android:theme="@style/AppTheme" >
32-->src\main\AndroidManifest.xml:17:7-38
33        <activity
33-->src\main\AndroidManifest.xml:18:5-28:16
34            android:name="com.angelgladin.photoexiftoolkit.activity.HomeActivity"
34-->src\main\AndroidManifest.xml:19:9-46
35            android:label="@string/app_name"
35-->src\main\AndroidManifest.xml:20:9-41
36            android:screenOrientation="portrait"
36-->src\main\AndroidManifest.xml:21:9-45
37            android:theme="@style/AppTheme.NoActionBar" >
37-->src\main\AndroidManifest.xml:22:9-52
38            <intent-filter>
38-->src\main\AndroidManifest.xml:23:7-27:23
39                <action android:name="android.intent.action.MAIN" />
39-->src\main\AndroidManifest.xml:24:9-60
39-->src\main\AndroidManifest.xml:24:17-58
40
41                <category android:name="android.intent.category.LAUNCHER" />
41-->src\main\AndroidManifest.xml:26:9-68
41-->src\main\AndroidManifest.xml:26:19-66
42            </intent-filter>
43        </activity>
44        <activity
44-->src\main\AndroidManifest.xml:29:5-34:16
45            android:name="com.angelgladin.photoexiftoolkit.activity.PhotoDetailActivity"
45-->src\main\AndroidManifest.xml:30:9-53
46            android:label="@string/app_name"
46-->src\main\AndroidManifest.xml:31:9-41
47            android:screenOrientation="portrait"
47-->src\main\AndroidManifest.xml:32:9-45
48            android:theme="@style/AppTheme.NoActionBar" >
48-->src\main\AndroidManifest.xml:33:9-52
49        </activity>
50
51        <meta-data
51-->src\main\AndroidManifest.xml:36:5-38:50
52            android:name="com.google.android.geo.API_KEY"
52-->src\main\AndroidManifest.xml:37:9-54
53            android:value="@string/google_maps_key" />
53-->src\main\AndroidManifest.xml:38:9-48
54
55        <activity
55-->[com.karumi:dexter:3.0.0] AndroidManifest.xml:27:9-30:56
56            android:name="com.karumi.dexter.DexterActivity"
56-->[com.karumi:dexter:3.0.0] AndroidManifest.xml:28:13-60
57            android:launchMode="singleInstance"
57-->[com.karumi:dexter:3.0.0] AndroidManifest.xml:29:13-48
58            android:theme="@style/Theme.Transparent" />
58-->[com.karumi:dexter:3.0.0] AndroidManifest.xml:30:13-53
59        <activity
59-->[com.google.android.gms:play-services-base:10.2.1] AndroidManifest.xml:19:9-172
60            android:name="com.google.android.gms.common.api.GoogleApiActivity"
60-->[com.google.android.gms:play-services-base:10.2.1] AndroidManifest.xml:19:19-85
61            android:exported="false"
61-->[com.google.android.gms:play-services-base:10.2.1] AndroidManifest.xml:19:146-170
62            android:theme="@android:style/Theme.Translucent.NoTitleBar" />
62-->[com.google.android.gms:play-services-base:10.2.1] AndroidManifest.xml:19:86-145
63
64        <meta-data
64-->[com.google.android.gms:play-services-basement:10.2.1] AndroidManifest.xml:20:9-121
65            android:name="com.google.android.gms.version"
65-->[com.google.android.gms:play-services-basement:10.2.1] AndroidManifest.xml:20:20-65
66            android:value="@integer/google_play_services_version" />
66-->[com.google.android.gms:play-services-basement:10.2.1] AndroidManifest.xml:20:66-119
67    </application>
68
69</manifest>